Release 14.7 Map P.20131013 (nt)
Xilinx Mapping Report File for Design 'ppmmvsm'

Design Information
------------------
Command Line   : map -intstyle ise -p xc7a100t-csg324-3 -w -logic_opt off -ol
high -t 1 -xt 0 -register_duplication off -r 4 -mt off -ir off -pr off -lc off
-power off -o ppmmvsm_map.ncd ppmmvsm.ngd ppmmvsm.pcf 
Target Device  : xc7a100t
Target Package : csg324
Target Speed   : -3
Mapper Version : artix7 -- $Revision: 1.55 $
Mapped Date    : Mon Nov 06 11:59:01 2017

Design Summary
--------------
Number of errors:      0
Number of warnings:    0
Slice Logic Utilization:
  Number of Slice Registers:                   185 out of 126,800    1%
    Number used as Flip Flops:                 183
    Number used as Latches:                      0
    Number used as Latch-thrus:                  0
    Number used as AND/OR logics:                2
  Number of Slice LUTs:                        389 out of  63,400    1%
    Number used as logic:                      385 out of  63,400    1%
      Number using O6 output only:             326
      Number using O5 output only:              40
      Number using O5 and O6:                   19
      Number used as ROM:                        0
    Number used as Memory:                       0 out of  19,000    0%
    Number used exclusively as route-thrus:      4
      Number with same-slice register load:      1
      Number with same-slice carry load:         3
      Number with other load:                    0

Slice Logic Distribution:
  Number of occupied Slices:                   206 out of  15,850    1%
  Number of LUT Flip Flop pairs used:          447
    Number with an unused Flip Flop:           269 out of     447   60%
    Number with an unused LUT:                  58 out of     447   12%
    Number of fully used LUT-FF pairs:         120 out of     447   26%
    Number of unique control sets:              36
    Number of slice register sites lost
      to control set restrictions:             161 out of 126,800    1%

  A LUT Flip Flop pair for this architecture represents one LUT paired with
  one Flip Flop within a slice.  A control set is a unique combination of
  clock, reset, set, and enable signals for a registered element.
  The Slice Logic Distribution report is not meaningful if the design is
  over-mapped for a non-slice resource or if Placement fails.
  OVERMAPPING of BRAM resources should be ignored if the design is
  over-mapped for a non-BRAM resource or if placement fails.

IO Utilization:
  Number of bonded IOBs:                        53 out of     210   25%
    Number of LOCed IOBs:                       53 out of      53  100%
    IOB Flip Flops:                              1

Specific Feature Utilization:
  Number of RAMB36E1/FIFO36E1s:                  0 out of     135    0%
  Number of RAMB18E1/FIFO18E1s:                  0 out of     270    0%
  Number of BUFG/BUFGCTRLs:                      4 out of      32   12%
    Number used as BUFGs:                        4
    Number used as BUFGCTRLs:                    0
  Number of IDELAYE2/IDELAYE2_FINEDELAYs:        0 out of     300    0%
  Number of ILOGICE2/ILOGICE3/ISERDESE2s:        1 out of     300    1%
    Number used as ILOGICE2s:                    1
  Number used as  ILOGICE3s:                     0
    Number used as ISERDESE2s:                   0
  Number of ODELAYE2/ODELAYE2_FINEDELAYs:        0
  Number of OLOGICE2/OLOGICE3/OSERDESE2s:        8 out of     300    2%
    Number used as OLOGICE2s:                    8
    Number used as OLOGICE3s:                    0
    Number used as OSERDESE2s:                   0
  Number of PHASER_IN/PHASER_IN_PHYs:            0 out of      24    0%
  Number of PHASER_OUT/PHASER_OUT_PHYs:          0 out of      24    0%
  Number of BSCANs:                              0 out of       4    0%
  Number of BUFHCEs:                             0 out of      96    0%
  Number of BUFRs:                               0 out of      24    0%
  Number of CAPTUREs:                            0 out of       1    0%
  Number of DNA_PORTs:                           0 out of       1    0%
  Number of DSP48E1s:                            0 out of     240    0%
  Number of EFUSE_USRs:                          0 out of       1    0%
  Number of FRAME_ECCs:                          0 out of       1    0%
  Number of IBUFDS_GTE2s:                        0 out of       4    0%
  Number of ICAPs:                               0 out of       2    0%
  Number of IDELAYCTRLs:                         0 out of       6    0%
  Number of IN_FIFOs:                            0 out of      24    0%
  Number of MMCME2_ADVs:                         0 out of       6    0%
  Number of OUT_FIFOs:                           0 out of      24    0%
  Number of PCIE_2_1s:                           0 out of       1    0%
  Number of PHASER_REFs:                         0 out of       6    0%
  Number of PHY_CONTROLs:                        0 out of       6    0%
  Number of PLLE2_ADVs:                          0 out of       6    0%
  Number of STARTUPs:                            0 out of       1    0%
  Number of XADCs:                               0 out of       1    0%

Average Fanout of Non-Clock Nets:                3.34

Peak Memory Usage:  659 MB
Total REAL time to MAP completion:  25 secs 
Total CPU time to MAP completion:   22 secs 

Table of Contents
-----------------
Section 1 - Errors
Section 2 - Warnings
Section 3 - Informational
Section 4 - Removed Logic Summary
Section 5 - Removed Logic
Section 6 - IOB Properties
Section 7 - RPMs
Section 8 - Guide Report
Section 9 - Area Group and Partition Summary
Section 10 - Timing Report
Section 11 - Configuration String Information
Section 12 - Control Set Information
Section 13 - Utilization by Hierarchy

Section 1 - Errors
------------------

Section 2 - Warnings
--------------------

Section 3 - Informational
-------------------------
INFO:LIT:243 - Logical network M4/U222/Q3 has no load.
INFO:LIT:244 - All of the single ended outputs in this design are using slew
   rate limited output drivers. The delay on speed critical single ended outputs
   can be dramatically reduced by designating them as fast outputs.
INFO:Pack:1716 - Initializing temperature to 85.000 Celsius. (default - Range:
   0.000 to 85.000 Celsius)
INFO:Pack:1720 - Initializing voltage to 0.950 Volts. (default - Range: 0.950 to
   1.050 Volts)
INFO:Map:215 - The Interim Design Summary has been generated in the MAP Report
   (.mrp).
INFO:Pack:1650 - Map created a placed design.

Section 4 - Removed Logic Summary
---------------------------------
   1 block(s) removed
  45 block(s) optimized away
   1 signal(s) removed

Section 5 - Removed Logic
-------------------------

The trimmed logic report below shows the logic removed from your design due to
sourceless or loadless signals, and VCC or ground connections.  If the removal
of a signal or symbol results in the subsequent removal of an additional signal
or symbol, the message explaining that second removal will be indented.  This
indentation will be repeated as a chain of related logic is removed.

To quickly locate the original cause for the removal of a chain of logic, look
above the place where that logic is listed in the trimming report, then locate
the lines that are least indented (begin at the leftmost edge).

The signal "M4/U222/Q3" is sourceless and has been removed.
Unused block "M4/U222/I_Q3" (FF) removed.

Optimized Block(s):
TYPE 		BLOCK
INV 		M5/XLXI_11/XLXI_118
INV 		U152/XLXI_118
INV 		U156/XLXI_7
INV 		U156/XLXI_8
INV 		U157/XLXI_7
INV 		U157/XLXI_8
INV 		U158/XLXI_118
INV 		U170/XLXI_7
INV 		U170/XLXI_8
INV 		U173/XLXI_7
INV 		U173/XLXI_8
INV 		U174/XLXI_7
INV 		U174/XLXI_8
INV 		U178/XLXI_118
INV 		U179/XLXI_118
GND 		U185/XST_GND
INV 		U244/XLXI_7
INV 		U244/XLXI_8
GND 		U285/XST_GND
INV 		U311/XLXI_118
INV 		U312/XLXI_118
INV 		U315/XLXI_118
AND2 		U46
GND 		U66/XST_GND
VCC 		U66/XST_VCC
GND 		U67/XST_GND
VCC 		U67/XST_VCC
INV 		U80/XLXI_118
INV 		U81/XLXI_118
INV 		U82/XLXI_7
INV 		U82/XLXI_8
INV 		U83/XLXI_7
INV 		U83/XLXI_8
INV 		U84/XLXI_7
INV 		U84/XLXI_8
INV 		U85/XLXI_7
INV 		U85/XLXI_8
VCC 		XLXI_1570
BUF 		XLXI_2080
BUF 		XLXI_2081
BUF 		XLXI_2094
BUF 		XLXI_2095
BUF 		XLXI_2096
BUF 		XLXI_2139
GND 		XLXI_2209

To enable printing of redundant blocks removed and signals merged, set the
detailed map report option and rerun map.

Section 6 - IOB Properties
--------------------------

+---------------------------------------------------------------------------------------------------------------------------------------------------------+
| IOB Name                           | Type             | Direction | IO Standard          | Diff  | Drive    | Slew | Reg (s)      | Resistor | IOB      |
|                                    |                  |           |                      | Term  | Strength | Rate |              |          | Delay    |
+---------------------------------------------------------------------------------------------------------------------------------------------------------+
| A0_NB2P                            | IOB33            | OUTPUT    | LVCMOS33             |       | 12       | SLOW |              |          |          |
| A1_NB2P                            | IOB33            | OUTPUT    | LVCMOS33             |       | 12       | SLOW |              |          |          |
| A2_NB2P                            | IOB33            | OUTPUT    | LVCMOS33             |       | 12       | SLOW |              |          |          |
| A3_NB2P                            | IOB33            | OUTPUT    | LVCMOS33             |       | 12       | SLOW |              |          |          |
| A4_NB2P                            | IOB33            | OUTPUT    | LVCMOS33             |       | 12       | SLOW |              |          |          |
| A5_NB2P                            | IOB33            | OUTPUT    | LVCMOS33             |       | 12       | SLOW |              |          |          |
| A6_NB2P                            | IOB33            | OUTPUT    | LVCMOS33             |       | 12       | SLOW |              |          |          |
| A7_NB2P                            | IOB33            | OUTPUT    | LVCMOS33             |       | 12       | SLOW |              |          |          |
| AA                                 | IOB33            | OUTPUT    | LVCMOS33             |       | 12       | SLOW |              |          |          |
| AB                                 | IOB33            | OUTPUT    | LVCMOS33             |       | 12       | SLOW |              |          |          |
| AC                                 | IOB33            | OUTPUT    | LVCMOS33             |       | 12       | SLOW |              |          |          |
| AD                                 | IOB33            | OUTPUT    | LVCMOS33             |       | 12       | SLOW |              |          |          |
| ADD_NB2P                           | IOB33            | OUTPUT    | LVCMOS33             |       | 12       | SLOW |              |          |          |
| AE                                 | IOB33            | OUTPUT    | LVCMOS33             |       | 12       | SLOW |              |          |          |
| AF                                 | IOB33            | OUTPUT    | LVCMOS33             |       | 12       | SLOW |              |          |          |
| AG                                 | IOB33            | OUTPUT    | LVCMOS33             |       | 12       | SLOW |              |          |          |
| CA_NB2P                            | IOB33            | OUTPUT    | LVCMOS33             |       | 12       | SLOW |              |          |          |
| CB_NB2P                            | IOB33            | OUTPUT    | LVCMOS33             |       | 12       | SLOW |              |          |          |
| CC_NB2P                            | IOB33            | OUTPUT    | LVCMOS33             |       | 12       | SLOW |              |          |          |
| CD_NB2P                            | IOB33            | OUTPUT    | LVCMOS33             |       | 12       | SLOW |              |          |          |
| CE_NB2P                            | IOB33            | OUTPUT    | LVCMOS33             |       | 12       | SLOW |              |          |          |
| CF_NB2P                            | IOB33            | OUTPUT    | LVCMOS33             |       | 12       | SLOW |              |          |          |
| CG_NB2P                            | IOB33            | OUTPUT    | LVCMOS33             |       | 12       | SLOW |              |          |          |
| CLOCK_NP2B                         | IOB33            | INPUT     | LVCMOS33             |       |          |      |              |          |          |
| DIGSEL                             | IOB33            | OUTPUT    | LVCMOS33             |       | 12       | SLOW |              |          |          |
| KEYPADINPOUT<0>                    | IOB33            | OUTPUT    | LVCMOS33             |       | 12       | SLOW |              |          |          |
| KEYPADINPOUT<1>                    | IOB33            | OUTPUT    | LVCMOS33             |       | 12       | SLOW |              |          |          |
| KEYPADINPOUT<2>                    | IOB33            | OUTPUT    | LVCMOS33             |       | 12       | SLOW |              |          |          |
| KEYPADINPOUT<3>                    | IOB33            | OUTPUT    | LVCMOS33             |       | 12       | SLOW |              |          |          |
| KEYPADINPOUT<4>                    | IOB33            | INPUT     | LVCMOS33             |       |          |      |              |          |          |
| KEYPADINPOUT<5>                    | IOB33            | INPUT     | LVCMOS33             |       |          |      |              |          |          |
| KEYPADINPOUT<6>                    | IOB33            | INPUT     | LVCMOS33             |       |          |      |              |          |          |
| KEYPADINPOUT<7>                    | IOB33            | INPUT     | LVCMOS33             |       |          |      |              |          |          |
| LED8                               | IOB33            | OUTPUT    | LVCMOS33             |       | 12       | SLOW |              |          |          |
| LED9                               | IOB33            | OUTPUT    | LVCMOS33             |       | 12       | SLOW |              |          |          |
| LED10                              | IOB33            | OUTPUT    | LVCMOS33             |       | 12       | SLOW |              |          |          |
| LED11                              | IOB33            | OUTPUT    | LVCMOS33             |       | 12       | SLOW |              |          |          |
| LED12                              | IOB33            | OUTPUT    | LVCMOS33             |       | 12       | SLOW |              |          |          |
| LED13                              | IOB33            | OUTPUT    | LVCMOS33             |       | 12       | SLOW |              |          |          |
| LED14                              | IOB33            | OUTPUT    | LVCMOS33             |       | 12       | SLOW |              |          |          |
| LED15                              | IOB33            | OUTPUT    | LVCMOS33             |       | 12       | SLOW |              |          |          |
| P1PLAY_NP2B                        | IOB33            | INPUT     | LVCMOS33             |       |          |      |              |          |          |
| P2PLAY_NP2B                        | IOB33            | INPUT     | LVCMOS33             |       |          |      | IFF          |          |          |
| RD0_NB2P                           | IOB33            | OUTPUT    | LVCMOS33             |       | 12       | SLOW |              |          |          |
| RD1_NB2P                           | IOB33            | OUTPUT    | LVCMOS33             |       | 12       | SLOW |              |          |          |
| RD2_NB2P                           | IOB33            | OUTPUT    | LVCMOS33             |       | 12       | SLOW |              |          |          |
| RD3_NB2P                           | IOB33            | OUTPUT    | LVCMOS33             |       | 12       | SLOW |              |          |          |
| RESET_NP2B                         | IOB33            | INPUT     | LVCMOS33             |       |          |      |              |          |          |
| SHPTS_NP2B                         | IOB33            | INPUT     | LVCMOS33             |       |          |      |              |          |          |
| STR0_NB2P                          | IOB33            | OUTPUT    | LVCMOS33             |       | 12       | SLOW |              |          |          |
| STR1_NB2P                          | IOB33            | OUTPUT    | LVCMOS33             |       | 12       | SLOW |              |          |          |
| STR2_NB2P                          | IOB33            | OUTPUT    | LVCMOS33             |       | 12       | SLOW |              |          |          |
| Testrd                             | IOB33            | INPUT     | LVCMOS33             |       |          |      |              |          |          |
+---------------------------------------------------------------------------------------------------------------------------------------------------------+

Section 7 - RPMs
----------------

Section 8 - Guide Report
------------------------
Guide not run on this design.

Section 9 - Area Group and Partition Summary
--------------------------------------------

Partition Implementation Status
-------------------------------

  No Partitions were found in this design.

-------------------------------

Area Group Information
----------------------

  No area groups were found in this design.

----------------------

Section 10 - Timing Report
--------------------------
A logic-level (pre-route) timing report can be generated by using Xilinx static
timing analysis tools, Timing Analyzer (GUI) or TRCE (command line), with the
mapped NCD and PCF files. Please note that this timing report will be generated
using estimated delay information. For accurate numbers, please generate a
timing report with the post Place and Route NCD file.

For more information about the Timing Analyzer, consult the Xilinx Timing
Analyzer Reference Manual; for more information about TRCE, consult the Xilinx
Command Line Tools User Guide "TRACE" chapter.

Section 11 - Configuration String Details
-----------------------------------------
Use the "-detail" map option to print out Configuration Strings

Section 12 - Control Set Information
------------------------------------
Use the "-detail" map option to print out Control Set Information.

Section 13 - Utilization by Hierarchy
-------------------------------------
Use the "-detail" map option to print out the Utilization by Hierarchy section.
